{"/Users/22282216/Desktop/testes-unitarios/matematica.js": {"path":"/Users/22282216/Desktop/testes-unitarios/matematica.js","statementMap":{"0":{"start":{"line":1,"column":13},"end":{"line":3,"column":1}},"1":{"start":{"line":2,"column":4},"end":{"line":2,"column":16}},"2":{"start":{"line":5,"column":17},"end":{"line":7,"column":1}},"3":{"start":{"line":6,"column":4},"end":{"line":6,"column":41}},"4":{"start":{"line":9,"column":0},"end":{"line":12,"column":1}}},"fnMap":{"0":{"name":"(anonymous_0)","decl":{"start":{"line":1,"column":13},"end":{"line":1,"column":14}},"loc":{"start":{"line":1,"column":22},"end":{"line":3,"column":1}},"line":1},"1":{"name":"(anonymous_1)","decl":{"start":{"line":5,"column":17},"end":{"line":5,"column":18}},"loc":{"start":{"line":5,"column":24},"end":{"line":7,"column":1}},"line":5}},"branchMap":{"0":{"loc":{"start":{"line":6,"column":11},"end":{"line":6,"column":41}},"type":"cond-expr","locations":[{"start":{"line":6,"column":20},"end":{"line":6,"column":21}},{"start":{"line":6,"column":24},"end":{"line":6,"column":41}}],"line":6}},"s":{"0":1,"1":4,"2":1,"3":7,"4":1},"f":{"0":4,"1":7},"b":{"0":[3,4]},"_coverageSchema":"1a1c01bbd47fc00a2c39e90264f33305004495a9","hash":"58d26c9da5b4c27ad7cf727c68bb60d18531de19"}
}
